kotlin version: 2.1.10
error message: org.jetbrains.kotlin.util.KotlinFrontEndException: Exception while analyzing expression in (103,28) in /Users/android/Desktop/MaterialMessages (Working) 2/app/src/main/java/com/messenger/phone/number/text/sms/service/apps/AfterCallScreen/permission/permissionTwoActivity.kt
	at org.jetbrains.kotlin.types.expressions.ExpressionTypingVisitorDispatcher.logOrThrowException(ExpressionTypingVisitorDispatcher.java:261)
	at org.jetbrains.kotlin.types.expressions.ExpressionTypingVisitorDispatcher.lambda$getTypeInfo$0(ExpressionTypingVisitorDispatcher.java:225)
	at org.jetbrains.kotlin.util.PerformanceCounter.time(PerformanceCounter.kt:90)
	at org.jetbrains.kotlin.types.expressions.ExpressionTypingVisitorDispatcher.getTypeInfo(ExpressionTypingVisitorDispatcher.java:164)
	at org.jetbrains.kotlin.types.expressions.ExpressionTypingVisitorDispatcher.getTypeInfo(ExpressionTypingVisitorDispatcher.java:134)
	at org.jetbrains.kotlin.types.expressions.ExpressionTypingServices.getTypeInfo(ExpressionTypingServices.java:126)
	at org.jetbrains.kotlin.resolve.calls.tower.PSICallResolver.resolveValueArgument(PSICallResolver.kt:815)
	at org.jetbrains.kotlin.resolve.calls.tower.PSICallResolver.resolveArgumentsInParenthesis(PSICallResolver.kt:751)
	at org.jetbrains.kotlin.resolve.calls.tower.PSICallResolver.toKotlinCall(PSICallResolver.kt:610)
	at org.jetbrains.kotlin.resolve.calls.tower.PSICallResolver.toKotlinCall$default(PSICallResolver.kt:586)
	at org.jetbrains.kotlin.resolve.calls.tower.PSICallResolver.runResolutionAndInference(PSICallResolver.kt:109)
	at org.jetbrains.kotlin.resolve.calls.CallResolver.doResolveCallOrGetCachedResults(CallResolver.java:602)
	at org.jetbrains.kotlin.resolve.calls.CallResolver.lambda$computeTasksAndResolveCall$0(CallResolver.java:213)
	at org.jetbrains.kotlin.util.PerformanceCounter.time(PerformanceCounter.kt:90)
	at org.jetbrains.kotlin.resolve.calls.CallResolver.computeTasksAndResolveCall(CallResolver.java:211)
	at org.jetbrains.kotlin.resolve.calls.CallResolver.computeTasksAndResolveCall(CallResolver.java:199)
	at org.jetbrains.kotlin.resolve.calls.CallResolver.resolveFunctionCall(CallResolver.java:329)
	at org.jetbrains.kotlin.resolve.calls.CallExpressionResolver.getResolvedCallForFunction(CallExpressionResolver.kt:86)
	at org.jetbrains.kotlin.resolve.calls.CallExpressionResolver.getCallExpressionTypeInfoWithoutFinalTypeCheck(CallExpressionResolver.kt:208)
	at org.jetbrains.kotlin.resolve.calls.CallExpressionResolver.getCallExpressionTypeInfo(CallExpressionResolver.kt:185)
	at org.jetbrains.kotlin.types.expressions.BasicExpressionTypingVisitor.visitCallExpression(BasicExpressionTypingVisitor.java:731)
	at org.jetbrains.kotlin.types.expressions.ExpressionTypingVisitorDispatcher.visitCallExpression(ExpressionTypingVisitorDispatcher.java:396)
	at org.jetbrains.kotlin.types.expressions.ExpressionTypingVisitorDispatcher$ForDeclarations.visitCallExpression(ExpressionTypingVisitorDispatcher.java:46)
	at org.jetbrains.kotlin.psi.KtCallExpression.accept(KtCallExpression.java:35)
	at org.jetbrains.kotlin.types.expressions.ExpressionTypingVisitorDispatcher.lambda$getTypeInfo$0(ExpressionTypingVisitorDispatcher.java:175)
	at org.jetbrains.kotlin.util.PerformanceCounter.time(PerformanceCounter.kt:90)
	at org.jetbrains.kotlin.types.expressions.ExpressionTypingVisitorDispatcher.getTypeInfo(ExpressionTypingVisitorDispatcher.java:164)
	at org.jetbrains.kotlin.types.expressions.ExpressionTypingVisitorDispatcher.getTypeInfo(ExpressionTypingVisitorDispatcher.java:134)
	at org.jetbrains.kotlin.types.expressions.ExpressionTypingServices.getTypeInfo(ExpressionTypingServices.java:126)
	at org.jetbrains.kotlin.resolve.calls.tower.PSICallResolver.resolveValueArgument(PSICallResolver.kt:815)
	at org.jetbrains.kotlin.resolve.calls.tower.PSICallResolver.resolveArgumentsInParenthesis(PSICallResolver.kt:751)
	at org.jetbrains.kotlin.resolve.calls.tower.PSICallResolver.toKotlinCall(PSICallResolver.kt:610)
	at org.jetbrains.kotlin.resolve.calls.tower.PSICallResolver.toKotlinCall$default(PSICallResolver.kt:586)
	at org.jetbrains.kotlin.resolve.calls.tower.PSICallResolver.runResolutionAndInference(PSICallResolver.kt:109)
	at org.jetbrains.kotlin.resolve.calls.CallResolver.doResolveCallOrGetCachedResults(CallResolver.java:602)
	at org.jetbrains.kotlin.resolve.calls.CallResolver.lambda$computeTasksAndResolveCall$0(CallResolver.java:213)
	at org.jetbrains.kotlin.util.PerformanceCounter.time(PerformanceCounter.kt:90)
	at org.jetbrains.kotlin.resolve.calls.CallResolver.computeTasksAndResolveCall(CallResolver.java:211)
	at org.jetbrains.kotlin.resolve.calls.CallResolver.computeTasksAndResolveCall(CallResolver.java:199)
	at org.jetbrains.kotlin.resolve.calls.CallResolver.resolveFunctionCall(CallResolver.java:329)
	at org.jetbrains.kotlin.resolve.calls.CallExpressionResolver.getResolvedCallForFunction(CallExpressionResolver.kt:86)
	at org.jetbrains.kotlin.resolve.calls.CallExpressionResolver.getCallExpressionTypeInfoWithoutFinalTypeCheck(CallExpressionResolver.kt:208)
	at org.jetbrains.kotlin.resolve.calls.CallExpressionResolver.getCallExpressionTypeInfo(CallExpressionResolver.kt:185)
	at org.jetbrains.kotlin.types.expressions.BasicExpressionTypingVisitor.visitCallExpression(BasicExpressionTypingVisitor.java:731)
	at org.jetbrains.kotlin.types.expressions.ExpressionTypingVisitorDispatcher.visitCallExpression(ExpressionTypingVisitorDispatcher.java:396)
	at org.jetbrains.kotlin.types.expressions.ExpressionTypingVisitorDispatcher$ForBlock.visitCallExpression(ExpressionTypingVisitorDispatcher.java:59)
	at org.jetbrains.kotlin.psi.KtCallExpression.accept(KtCallExpression.java:35)
	at org.jetbrains.kotlin.types.expressions.ExpressionTypingVisitorDispatcher.lambda$getTypeInfo$0(ExpressionTypingVisitorDispatcher.java:175)
	at org.jetbrains.kotlin.util.PerformanceCounter.time(PerformanceCounter.kt:90)
	at org.jetbrains.kotlin.types.expressions.ExpressionTypingVisitorDispatcher.getTypeInfo(ExpressionTypingVisitorDispatcher.java:164)
	at org.jetbrains.kotlin.types.expressions.ExpressionTypingVisitorDispatcher.getTypeInfo(ExpressionTypingVisitorDispatcher.java:134)
	at org.jetbrains.kotlin.types.expressions.ExpressionTypingVisitorForStatements.visitExpression(ExpressionTypingVisitorForStatements.java:543)
	at org.jetbrains.kotlin.types.expressions.ExpressionTypingVisitorForStatements.visitExpression(ExpressionTypingVisitorForStatements.java:73)
	at org.jetbrains.kotlin.psi.KtVisitor.visitReferenceExpression(KtVisitor.java:212)
	at org.jetbrains.kotlin.psi.KtVisitor.visitCallExpression(KtVisitor.java:292)
	at org.jetbrains.kotlin.psi.KtCallExpression.accept(KtCallExpression.java:35)
	at org.jetbrains.kotlin.types.expressions.ExpressionTypingVisitorDispatcher.lambda$getTypeInfo$0(ExpressionTypingVisitorDispatcher.java:175)
	at org.jetbrains.kotlin.util.PerformanceCounter.time(PerformanceCounter.kt:90)
	at org.jetbrains.kotlin.types.expressions.ExpressionTypingVisitorDispatcher.getTypeInfo(ExpressionTypingVisitorDispatcher.java:164)
	at org.jetbrains.kotlin.types.expressions.ExpressionTypingVisitorDispatcher.getTypeInfo(ExpressionTypingVisitorDispatcher.java:147)
	at org.jetbrains.kotlin.types.expressions.ExpressionTypingServices.getTypeOfLastExpressionInBlock(ExpressionTypingServices.java:451)
	at org.jetbrains.kotlin.types.expressions.ExpressionTypingServices.getBlockReturnedTypeWithWritableScope(ExpressionTypingServices.java:328)
	at org.jetbrains.kotlin.types.expressions.ExpressionTypingServices.getBlockReturnedType(ExpressionTypingServices.java:207)
	at org.jetbrains.kotlin.types.expressions.FunctionsTypingVisitor.computeUnsafeReturnType(FunctionsTypingVisitor.kt:270)
	at org.jetbrains.kotlin.types.expressions.FunctionsTypingVisitor.computeReturnType(FunctionsTypingVisitor.kt:235)
	at org.jetbrains.kotlin.types.expressions.FunctionsTypingVisitor.visitLambdaExpression(FunctionsTypingVisitor.kt:177)
	at org.jetbrains.kotlin.types.expressions.ExpressionTypingVisitorDispatcher.visitLambdaExpression(ExpressionTypingVisitorDispatcher.java:270)
	at org.jetbrains.kotlin.types.expressions.ExpressionTypingVisitorDispatcher$ForDeclarations.visitLambdaExpression(ExpressionTypingVisitorDispatcher.java:46)
	at org.jetbrains.kotlin.psi.KtLambdaExpression.accept(KtLambdaExpression.java:38)
	at org.jetbrains.kotlin.types.expressions.ExpressionTypingVisitorDispatcher.lambda$getTypeInfo$0(ExpressionTypingVisitorDispatcher.java:175)
	at org.jetbrains.kotlin.util.PerformanceCounter.time(PerformanceCounter.kt:90)
	at org.jetbrains.kotlin.types.expressions.ExpressionTypingVisitorDispatcher.getTypeInfo(ExpressionTypingVisitorDispatcher.java:164)
	at org.jetbrains.kotlin.types.expressions.ExpressionTypingVisitorDispatcher.getTypeInfo(ExpressionTypingVisitorDispatcher.java:134)
	at org.jetbrains.kotlin.types.expressions.ExpressionTypingServices.getTypeInfo(ExpressionTypingServices.java:126)
	at org.jetbrains.kotlin.resolve.calls.tower.KotlinResolutionCallbacksImpl.analyzeAndGetLambdaReturnArguments(KotlinResolutionCallbacksImpl.kt:231)
	at org.jetbrains.kotlin.resolve.calls.components.PostponedArgumentsAnalyzer.analyzeLambda(PostponedArgumentsAnalyzer.kt:133)
	at org.jetbrains.kotlin.resolve.calls.components.PostponedArgumentsAnalyzer.analyze(PostponedArgumentsAnalyzer.kt:39)
	at org.jetbrains.kotlin.resolve.calls.components.KotlinCallCompleter.runCompletion$lambda$10(KotlinCallCompleter.kt:265)
	at org.jetbrains.kotlin.resolve.calls.inference.components.ConstraintSystemCompletionContext.analyzeArgumentWithFixedParameterTypes(ConstraintSystemCompletionContext.kt:58)
	at org.jetbrains.kotlin.resolve.calls.inference.components.KotlinConstraintSystemCompleter.runCompletion(KotlinConstraintSystemCompleter.kt:88)
	at org.jetbrains.kotlin.resolve.calls.inference.components.KotlinConstraintSystemCompleter.runCompletion(KotlinConstraintSystemCompleter.kt:39)
	at org.jetbrains.kotlin.resolve.calls.components.KotlinCallCompleter.runCompletion(KotlinCallCompleter.kt:255)
	at org.jetbrains.kotlin.resolve.calls.components.KotlinCallCompleter.runCompletion$default(KotlinCallCompleter.kt:246)
	at org.jetbrains.kotlin.resolve.calls.components.KotlinCallCompleter.runCompletion(KotlinCallCompleter.kt:243)
	at org.jetbrains.kotlin.resolve.calls.components.KotlinCallCompleter.runCompletion(KotlinCallCompleter.kt:83)
	at org.jetbrains.kotlin.resolve.calls.KotlinCallResolver.resolveAndCompleteCall(KotlinCallResolver.kt:47)
	at org.jetbrains.kotlin.resolve.calls.tower.PSICallResolver.runResolutionAndInference(PSICallResolver.kt:114)
	at org.jetbrains.kotlin.resolve.calls.CallResolver.doResolveCallOrGetCachedResults(CallResolver.java:602)
	at org.jetbrains.kotlin.resolve.calls.CallResolver.lambda$computeTasksAndResolveCall$0(CallResolver.java:213)
	at org.jetbrains.kotlin.util.PerformanceCounter.time(PerformanceCounter.kt:90)
	at org.jetbrains.kotlin.resolve.calls.CallResolver.computeTasksAndResolveCall(CallResolver.java:211)
	at org.jetbrains.kotlin.resolve.calls.CallResolver.computeTasksAndResolveCall(CallResolver.java:199)
	at org.jetbrains.kotlin.resolve.calls.CallResolver.resolveFunctionCall(CallResolver.java:329)
	at org.jetbrains.kotlin.resolve.calls.CallExpressionResolver.getResolvedCallForFunction(CallExpressionResolver.kt:86)
	at org.jetbrains.kotlin.resolve.calls.CallExpressionResolver.getCallExpressionTypeInfoWithoutFinalTypeCheck(CallExpressionResolver.kt:208)
	at org.jetbrains.kotlin.resolve.calls.CallExpressionResolver.getCallExpressionTypeInfo(CallExpressionResolver.kt:185)
	at org.jetbrains.kotlin.types.expressions.BasicExpressionTypingVisitor.visitCallExpression(BasicExpressionTypingVisitor.java:731)
	at org.jetbrains.kotlin.types.expressions.ExpressionTypingVisitorDispatcher.visitCallExpression(ExpressionTypingVisitorDispatcher.java:396)
	at org.jetbrains.kotlin.types.expressions.ExpressionTypingVisitorDispatcher$ForDeclarations.visitCallExpression(ExpressionTypingVisitorDispatcher.java:46)
	at org.jetbrains.kotlin.psi.KtCallExpression.accept(KtCallExpression.java:35)
	at org.jetbrains.kotlin.types.expressions.ExpressionTypingVisitorDispatcher.lambda$getTypeInfo$0(ExpressionTypingVisitorDispatcher.java:175)
	at org.jetbrains.kotlin.util.PerformanceCounter.time(PerformanceCounter.kt:90)
	at org.jetbrains.kotlin.types.expressions.ExpressionTypingVisitorDispatcher.getTypeInfo(ExpressionTypingVisitorDispatcher.java:164)
	at org.jetbrains.kotlin.types.expressions.ExpressionTypingVisitorDispatcher.getTypeInfo(ExpressionTypingVisitorDispatcher.java:134)
	at org.jetbrains.kotlin.types.expressions.ExpressionTypingVisitorDispatcher.getTypeInfo(ExpressionTypingVisitorDispatcher.java:146)
	at org.jetbrains.kotlin.types.expressions.ExpressionTypingServices.getTypeInfo(ExpressionTypingServices.java:121)
	at org.jetbrains.kotlin.resolve.DelegatedPropertyResolver.resolveWithNewInference(DelegatedPropertyResolver.kt:575)
	at org.jetbrains.kotlin.resolve.DelegatedPropertyResolver.resolveDelegateExpression(DelegatedPropertyResolver.kt:508)
	at org.jetbrains.kotlin.resolve.VariableTypeAndInitializerResolver.resolveDelegatedPropertyType$lambda$5(VariableTypeAndInitializerResolver.kt:154)
	at org.jetbrains.kotlin.storage.LockBasedStorageManager$LockBasedLazyValue.invoke(LockBasedStorageManager.java:408)
	at org.jetbrains.kotlin.storage.LockBasedStorageManager$LockBasedNotNullLazyValue.invoke(LockBasedStorageManager.java:527)
	at org.jetbrains.kotlin.types.DeferredType.getDelegate(DeferredType.java:108)
	at org.jetbrains.kotlin.types.WrappedType.getAttributes(KotlinType.kt:135)
	at org.jetbrains.kotlin.types.KotlinType.getAnnotations(KotlinType.kt:57)
	at org.jetbrains.kotlin.resolve.lazy.ForceResolveUtil.forceResolveAllContents(ForceResolveUtil.java:109)
	at org.jetbrains.kotlin.resolve.lazy.ForceResolveUtil.doForceResolveAllContents(ForceResolveUtil.java:96)
	at org.jetbrains.kotlin.resolve.lazy.ForceResolveUtil.forceResolveAllContents(ForceResolveUtil.java:42)
	at org.jetbrains.kotlin.resolve.lazy.ForceResolveUtil.forceResolveAllContents(ForceResolveUtil.java:52)
	at org.jetbrains.kotlin.resolve.lazy.ForceResolveUtil.forceResolveAllContents(ForceResolveUtil.java:47)
	at org.jetbrains.kotlin.resolve.lazy.descriptors.LazyClassDescriptor.doForceResolveAllContents(LazyClassDescriptor.java:733)
	at org.jetbrains.kotlin.resolve.lazy.descriptors.LazyClassDescriptor.lambda$new$4(LazyClassDescriptor.java:222)
	at org.jetbrains.kotlin.storage.LockBasedStorageManager$LockBasedLazyValue.invoke(LockBasedStorageManager.java:408)
	at org.jetbrains.kotlin.resolve.lazy.descriptors.LazyClassDescriptor.forceResolveAllContents(LazyClassDescriptor.java:721)
	at org.jetbrains.kotlin.resolve.lazy.ForceResolveUtil.doForceResolveAllContents(ForceResolveUtil.java:78)
	at org.jetbrains.kotlin.resolve.lazy.ForceResolveUtil.forceResolveAllContents(ForceResolveUtil.java:42)
	at org.jetbrains.kotlin.resolve.jvm.extensions.PartialAnalysisHandlerExtension.doAnalysis$lambda$0(PartialAnalysisHandlerExtension.kt:73)
	at org.jetbrains.kotlin.resolve.jvm.extensions.PartialAnalysisHandlerExtension.doForEachDeclaration(PartialAnalysisHandlerExtension.kt:126)
	at org.jetbrains.kotlin.resolve.jvm.extensions.PartialAnalysisHandlerExtension.doForEachDeclaration(PartialAnalysisHandlerExtension.kt:141)
	at org.jetbrains.kotlin.resolve.jvm.extensions.PartialAnalysisHandlerExtension.doAnalysis(PartialAnalysisHandlerExtension.kt:68)
	at org.jetbrains.kotlin.kapt3.AbstractKapt3Extension.doAnalysis(Kapt3Extension.kt:130)
	at org.jetbrains.kotlin.cli.jvm.compiler.TopDownAnalyzerFacadeForJVM.analyzeFilesWithJavaIntegration(TopDownAnalyzerFacadeForJVM.kt:112)
	at org.jetbrains.kotlin.cli.jvm.compiler.TopDownAnalyzerFacadeForJVM.analyzeFilesWithJavaIntegration$default(TopDownAnalyzerFacadeForJVM.kt:75)
	at org.jetbrains.kotlin.cli.jvm.compiler.KotlinToJVMBytecodeCompiler.analyze$lambda$9(KotlinToJVMBytecodeCompiler.kt:356)
	at org.jetbrains.kotlin.cli.common.messages.AnalyzerWithCompilerReport.analyzeAndReport(AnalyzerWithCompilerReport.kt:112)
	at org.jetbrains.kotlin.cli.jvm.compiler.KotlinToJVMBytecodeCompiler.analyze(KotlinToJVMBytecodeCompiler.kt:347)
	at org.jetbrains.kotlin.cli.jvm.compiler.KotlinToJVMBytecodeCompiler.runFrontendAndGenerateIrUsingClassicFrontend(KotlinToJVMBytecodeCompiler.kt:177)
	at org.jetbrains.kotlin.cli.jvm.compiler.KotlinToJVMBytecodeCompiler.compileModules$cli(KotlinToJVMBytecodeCompiler.kt:102)
	at org.jetbrains.kotlin.cli.jvm.K2JVMCompiler.doExecute(K2JVMCompiler.kt:169)
	at org.jetbrains.kotlin.cli.jvm.K2JVMCompiler.doExecute(K2JVMCompiler.kt:43)
	at org.jetbrains.kotlin.cli.common.CLICompiler.execImpl(CLICompiler.kt:102)
	at org.jetbrains.kotlin.cli.common.CLICompiler.exec(CLICompiler.kt:316)
	at org.jetbrains.kotlin.incremental.IncrementalJvmCompilerRunner.runCompiler(IncrementalJvmCompilerRunner.kt:464)
	at org.jetbrains.kotlin.incremental.IncrementalJvmCompilerRunner.runCompiler(IncrementalJvmCompilerRunner.kt:73)
	at org.jetbrains.kotlin.incremental.IncrementalCompilerRunner.doCompile(IncrementalCompilerRunner.kt:506)
	at org.jetbrains.kotlin.incremental.IncrementalCompilerRunner.compileImpl(IncrementalCompilerRunner.kt:423)
	at org.jetbrains.kotlin.incremental.IncrementalCompilerRunner.compileNonIncrementally(IncrementalCompilerRunner.kt:301)
	at org.jetbrains.kotlin.incremental.IncrementalCompilerRunner.compile(IncrementalCompilerRunner.kt:129)
	at org.jetbrains.kotlin.daemon.CompileServiceImplBase.execIncrementalCompiler(CompileServiceImpl.kt:683)
	at org.jetbrains.kotlin.daemon.CompileServiceImplBase.access$execIncrementalCompiler(CompileServiceImpl.kt:91)
	at org.jetbrains.kotlin.daemon.CompileServiceImpl.compile(CompileServiceImpl.kt:1811)
	at java.base/jdk.internal.reflect.NativeMethodAccessorImpl.invoke0(Native Method)
	at java.base/jdk.internal.reflect.NativeMethodAccessorImpl.invoke(NativeMethodAccessorImpl.java:77)
	at java.base/jdk.internal.reflect.DelegatingMethodAccessorImpl.invoke(DelegatingMethodAccessorImpl.java:43)
	at java.base/java.lang.reflect.Method.invoke(Method.java:568)
	at java.rmi/sun.rmi.server.UnicastServerRef.dispatch(UnicastServerRef.java:360)
	at java.rmi/sun.rmi.transport.Transport$1.run(Transport.java:200)
	at java.rmi/sun.rmi.transport.Transport$1.run(Transport.java:197)
	at java.base/java.security.AccessController.doPrivileged(AccessController.java:712)
	at java.rmi/sun.rmi.transport.Transport.serviceCall(Transport.java:196)
	at java.rmi/sun.rmi.transport.tcp.TCPTransport.handleMessages(TCPTransport.java:587)
	at java.rmi/sun.rmi.transport.tcp.TCPTransport$ConnectionHandler.run0(TCPTransport.java:828)
	at java.rmi/sun.rmi.transport.tcp.TCPTransport$ConnectionHandler.lambda$run$0(TCPTransport.java:705)
	at java.base/java.security.AccessController.doPrivileged(AccessController.java:399)
	at java.rmi/sun.rmi.transport.tcp.TCPTransport$ConnectionHandler.run(TCPTransport.java:704)
	at java.base/java.util.concurrent.ThreadPoolExecutor.runWorker(ThreadPoolExecutor.java:1136)
	at java.base/java.util.concurrent.ThreadPoolExecutor$Worker.run(ThreadPoolExecutor.java:635)
	at java.base/java.lang.Thread.run(Thread.java:833)
Caused by: java.lang.IllegalStateException: Could not read class: VirtualFile: /Users/android/Desktop/MaterialMessages (Working) 2/app/build/intermediates/compile_and_runtime_not_namespaced_r_class_jar/debug/processDebugResources/R.jar!/com/messenger/phone/number/text/sms/service/apps/R$drawable.class
	at org.jetbrains.kotlin.load.java.structure.impl.classFiles.BinaryJavaClass.<init>(BinaryJavaClass.kt:115)
	at org.jetbrains.kotlin.load.java.structure.impl.classFiles.BinaryJavaClass.findInnerClass(BinaryJavaClass.kt:246)
	at org.jetbrains.kotlin.cli.jvm.compiler.KotlinCliJavaFileManagerImpl.findClass(KotlinCliJavaFileManagerImpl.kt:135)
	at org.jetbrains.kotlin.resolve.jvm.KotlinJavaPsiFacade$CliFinder.findClass(KotlinJavaPsiFacade.java:538)
	at org.jetbrains.kotlin.resolve.jvm.KotlinJavaPsiFacade.findClass(KotlinJavaPsiFacade.java:181)
	at org.jetbrains.kotlin.load.java.JavaClassFinderImpl.findClass(JavaClassFinderImpl.kt:46)
	at org.jetbrains.kotlin.load.java.lazy.descriptors.LazyJavaClassMemberScope.nestedClasses$lambda$59(LazyJavaClassMemberScope.kt:817)
	at org.jetbrains.kotlin.storage.LockBasedStorageManager$MapBasedMemoizedFunction.invoke(LockBasedStorageManager.java:578)
	at org.jetbrains.kotlin.load.java.lazy.descriptors.LazyJavaClassMemberScope.getContributedClassifier(LazyJavaClassMemberScope.kt:860)
	at org.jetbrains.kotlin.resolve.scopes.InnerClassesScopeWrapper.getContributedClassifier(InnerClassesScopeWrapper.kt:29)
	at org.jetbrains.kotlin.resolve.QualifiedExpressionResolver.getContributedClassifier(QualifiedExpressionResolver.kt:559)
	at org.jetbrains.kotlin.resolve.QualifiedExpressionResolver.resolveToPackageOrClassPrefix(QualifiedExpressionResolver.kt:527)
	at org.jetbrains.kotlin.resolve.QualifiedExpressionResolver.resolveQualifierInExpressionAndUnroll(QualifiedExpressionResolver.kt:635)
	at org.jetbrains.kotlin.resolve.calls.CallExpressionResolver.elementChain(CallExpressionResolver.kt:295)
	at org.jetbrains.kotlin.resolve.calls.CallExpressionResolver.getQualifiedExpressionTypeInfo(CallExpressionResolver.kt:440)
	at org.jetbrains.kotlin.types.expressions.BasicExpressionTypingVisitor.visitQualifiedExpression(BasicExpressionTypingVisitor.java:725)
	at org.jetbrains.kotlin.types.expressions.ExpressionTypingVisitorDispatcher.visitQualifiedExpression(ExpressionTypingVisitorDispatcher.java:391)
	at org.jetbrains.kotlin.types.expressions.ExpressionTypingVisitorDispatcher$ForDeclarations.visitQualifiedExpression(ExpressionTypingVisitorDispatcher.java:46)
	at org.jetbrains.kotlin.psi.KtVisitor.visitDotQualifiedExpression(KtVisitor.java:316)
	at org.jetbrains.kotlin.psi.KtDotQualifiedExpression.accept(KtDotQualifiedExpression.kt:33)
	at org.jetbrains.kotlin.types.expressions.ExpressionTypingVisitorDispatcher.lambda$getTypeInfo$0(ExpressionTypingVisitorDispatcher.java:175)
	... 165 more
Caused by: java.nio.file.NoSuchFileException: /Users/android/Desktop/MaterialMessages (Working) 2/app/build/intermediates/compile_and_runtime_not_namespaced_r_class_jar/debug/processDebugResources/R.jar
	at java.base/sun.nio.fs.UnixException.translateToIOException(UnixException.java:92)
	at java.base/sun.nio.fs.UnixException.rethrowAsIOException(UnixException.java:106)
	at java.base/sun.nio.fs.UnixException.rethrowAsIOException(UnixException.java:111)
	at java.base/sun.nio.fs.UnixFileAttributeViews$Basic.readAttributes(UnixFileAttributeViews.java:55)
	at java.base/sun.nio.fs.UnixFileSystemProvider.readAttributes(UnixFileSystemProvider.java:148)
	at java.base/java.nio.file.Files.readAttributes(Files.java:1851)
	at org.jetbrains.kotlin.com.intellij.openapi.vfs.impl.ZipHandler$1.createAccessor(ZipHandler.java:19)
	at org.jetbrains.kotlin.com.intellij.openapi.vfs.impl.ZipHandler$1.createAccessor(ZipHandler.java:15)
	at org.jetbrains.kotlin.com.intellij.util.io.FileAccessorCache.createHandle(FileAccessorCache.java:45)
	at org.jetbrains.kotlin.com.intellij.util.io.FileAccessorCache.get(FileAccessorCache.java:39)
	at org.jetbrains.kotlin.com.intellij.openapi.vfs.impl.ZipHandler.acquireZipHandle(ZipHandler.java:46)
	at org.jetbrains.kotlin.com.intellij.openapi.vfs.impl.ZipHandlerBase.contentsToByteArray(ZipHandlerBase.java:85)
	at org.jetbrains.kotlin.com.intellij.openapi.vfs.impl.jar.CoreJarVirtualFile.contentsToByteArray(CoreJarVirtualFile.java:101)
	at org.jetbrains.kotlin.load.java.structure.impl.classFiles.BinaryJavaClass.<init>(BinaryJavaClass.kt:109)
	... 185 more


